20:46:40 2025-04-08 [info] Email Service initialized with MariaDB connection pool
20:46:40 2025-04-08 [info] Category Service initialized with MariaDB connection pool
20:46:40 2025-04-08 [info] Server is running on port 3000
20:48:07 2025-04-08 [error] Fehler beim Abrufen der E-Mail-Adressen: SqlError: (conn:-1, no: 45028, SQLState: HY000) pool timeout: failed to retrieve a connection from pool after 10012ms
    (pool connections: active=0 idle=0 limit=5)
20:48:08 2025-04-08 [error] Fehler beim Abrufen der Kategorien: SqlError: (conn:-1, no: 45028, SQLState: HY000) pool timeout: failed to retrieve a connection from pool after 10022ms
    (pool connections: active=0 idle=0 limit=5)
20:48:08 2025-04-08 [error] Fehler beim Abrufen der Kategorien: SqlError: (conn:-1, no: 45028, SQLState: HY000) pool timeout: failed to retrieve a connection from pool after 10022ms
    (pool connections: active=0 idle=0 limit=5)
20:48:18 2025-04-08 [error] Fehler beim Abrufen der E-Mail-Adressen: SqlError: (conn:-1, no: 45028, SQLState: HY000) pool timeout: failed to retrieve a connection from pool after 10006ms
    (pool connections: active=0 idle=0 limit=5)
20:48:18 2025-04-08 [error] Fehler beim Abrufen der Kategorien: SqlError: (conn:-1, no: 45028, SQLState: HY000) pool timeout: failed to retrieve a connection from pool after 10010ms
    (pool connections: active=0 idle=0 limit=5)
20:48:18 2025-04-08 [error] Fehler beim Abrufen der Kategorien: SqlError: (conn:-1, no: 45028, SQLState: HY000) pool timeout: failed to retrieve a connection from pool after 10010ms
    (pool connections: active=0 idle=0 limit=5)
20:50:16 2025-04-08 [info] Email Service initialized with MariaDB connection pool
20:50:16 2025-04-08 [info] Category Service initialized with MariaDB connection pool
20:50:16 2025-04-08 [info] Server is running on port 3000
20:50:38 2025-04-08 [info] Retrieved 0 categories
20:50:38 2025-04-08 [info] Retrieved 0 email addresses
20:50:38 2025-04-08 [info] Retrieved 0 email addresses
20:50:38 2025-04-08 [info] Retrieved 0 categories
20:51:11 2025-04-08 [info] Neue Kategorie hinzugefügt: Test
20:51:11 2025-04-08 [error] Fehler beim Hinzufügen der Kategorie: TypeError: Do not know how to serialize a BigInt
20:51:12 2025-04-08 [error] Fehler beim Hinzufügen der Kategorie: Error: Eine Kategorie mit diesem Namen existiert bereits
20:51:12 2025-04-08 [error] Fehler beim Hinzufügen der Kategorie: Error: Eine Kategorie mit diesem Namen existiert bereits
20:51:25 2025-04-08 [info] Retrieved 0 email addresses
20:51:25 2025-04-08 [info] Retrieved 1 categories
20:51:25 2025-04-08 [info] Retrieved 1 categories
20:51:25 2025-04-08 [info] Retrieved 0 email addresses
20:51:34 2025-04-08 [info] Neue Kategorie hinzugefügt: asdada
20:51:34 2025-04-08 [error] Fehler beim Hinzufügen der Kategorie: TypeError: Do not know how to serialize a BigInt
20:51:37 2025-04-08 [info] Retrieved 2 categories
20:51:37 2025-04-08 [info] Retrieved 0 email addresses
20:51:37 2025-04-08 [info] Retrieved 2 categories
20:51:37 2025-04-08 [info] Retrieved 0 email addresses
20:53:36 2025-04-08 [info] Email Service initialized with MariaDB connection pool
20:53:36 2025-04-08 [info] Category Service initialized with MariaDB connection pool
20:53:36 2025-04-08 [info] Server is running on port 3000
20:53:53 2025-04-08 [info] Kategorie gelöscht: ID 2
20:53:53 2025-04-08 [info] Retrieved 1 categories
20:53:56 2025-04-08 [info] Kategorie gelöscht: ID 1
20:53:56 2025-04-08 [info] Retrieved 0 categories
20:54:01 2025-04-08 [info] Neue Kategorie hinzugefügt: Gaming
20:54:01 2025-04-08 [error] Fehler beim Hinzufügen der Kategorie: TypeError: Do not know how to serialize a BigInt
20:54:05 2025-04-08 [info] Retrieved 1 categories
20:54:05 2025-04-08 [info] Retrieved 0 email addresses
20:54:06 2025-04-08 [info] Retrieved 1 categories
20:54:06 2025-04-08 [info] Retrieved 0 email addresses
20:54:10 2025-04-08 [info] Kategorie aktualisiert: ID 3, Name: Gaming
20:54:13 2025-04-08 [info] Kategorie aktualisiert: ID 3, Name: Gaming
20:54:16 2025-04-08 [info] Kategorie gelöscht: ID 3
20:54:16 2025-04-08 [info] Retrieved 0 categories
20:54:19 2025-04-08 [info] Neue Kategorie hinzugefügt: asdad
20:54:19 2025-04-08 [error] Fehler beim Hinzufügen der Kategorie: TypeError: Do not know how to serialize a BigInt
20:54:46 2025-04-08 [info] Retrieved 1 categories
20:54:46 2025-04-08 [info] Retrieved 0 email addresses
20:54:46 2025-04-08 [info] Retrieved 1 categories
20:54:46 2025-04-08 [info] Retrieved 0 email addresses
20:55:56 2025-04-08 [info] Kategorie gelöscht: ID 4
20:55:56 2025-04-08 [info] Retrieved 0 categories
20:56:03 2025-04-08 [info] Neue Kategorie hinzugefügt: asda
20:56:03 2025-04-08 [error] Fehler beim Hinzufügen der Kategorie: TypeError: Do not know how to serialize a BigInt
20:56:11 2025-04-08 [info] Email Service initialized with MariaDB connection pool
20:56:11 2025-04-08 [info] Category Service initialized with MariaDB connection pool
20:56:11 2025-04-08 [info] Server is running on port 3000
20:56:17 2025-04-08 [info] Neue Kategorie hinzugefügt: asdd
20:56:21 2025-04-08 [info] Kategorie gelöscht: ID 6
20:56:21 2025-04-08 [info] Retrieved 1 categories
20:56:24 2025-04-08 [info] Kategorie gelöscht: ID 5
20:56:24 2025-04-08 [info] Retrieved 0 categories
21:05:34 2025-04-08 [info] Email Service initialized with MariaDB connection pool
21:05:34 2025-04-08 [info] Category Service initialized with MariaDB connection pool
21:05:35 2025-04-08 [info] Server is running on port 3000
21:06:13 2025-04-08 [info] Retrieved 0 categories
21:06:13 2025-04-08 [info] Retrieved 0 email addresses
21:06:13 2025-04-08 [info] Retrieved 0 categories
21:06:13 2025-04-08 [info] Retrieved 0 email addresses
21:07:13 2025-04-08 [info] Retrieved 0 categories
21:07:13 2025-04-08 [info] Retrieved 0 email addresses
21:07:13 2025-04-08 [info] Retrieved 0 categories
21:07:13 2025-04-08 [info] Retrieved 0 email addresses
21:07:29 2025-04-08 [info] Retrieved 0 email addresses
21:07:29 2025-04-08 [info] Retrieved 0 categories
21:07:29 2025-04-08 [info] Retrieved 0 categories
21:07:29 2025-04-08 [info] Retrieved 0 email addresses
21:07:55 2025-04-08 [info] Retrieved 0 categories
21:07:55 2025-04-08 [info] Retrieved 0 email addresses
21:07:55 2025-04-08 [info] Retrieved 0 categories
21:07:55 2025-04-08 [info] Retrieved 0 email addresses
21:09:50 2025-04-08 [info] Retrieved 0 categories
21:09:50 2025-04-08 [info] Retrieved 0 email addresses
21:09:50 2025-04-08 [info] Retrieved 0 categories
21:09:50 2025-04-08 [info] Retrieved 0 email addresses
21:09:59 2025-04-08 [info] Retrieved 0 email addresses
21:09:59 2025-04-08 [info] Retrieved 0 categories
21:09:59 2025-04-08 [info] Retrieved 0 categories
21:09:59 2025-04-08 [info] Retrieved 0 email addresses
21:10:01 2025-04-08 [info] Retrieved 0 email addresses
21:10:01 2025-04-08 [info] Retrieved 0 categories
21:10:01 2025-04-08 [info] Retrieved 0 categories
21:10:01 2025-04-08 [info] Retrieved 0 email addresses
21:10:03 2025-04-08 [info] Retrieved 0 categories
21:10:03 2025-04-08 [info] Retrieved 0 email addresses
21:10:03 2025-04-08 [info] Retrieved 0 categories
21:10:03 2025-04-08 [info] Retrieved 0 email addresses
21:10:04 2025-04-08 [info] Retrieved 0 categories
21:10:04 2025-04-08 [info] Retrieved 0 email addresses
21:10:05 2025-04-08 [info] Retrieved 0 categories
21:10:05 2025-04-08 [info] Retrieved 0 email addresses
21:10:48 2025-04-08 [info] Retrieved 0 email addresses
21:10:48 2025-04-08 [info] Retrieved 0 categories
21:11:58 2025-04-08 [info] Retrieved 0 email addresses
21:11:58 2025-04-08 [info] Retrieved 0 categories
21:12:59 2025-04-08 [info] Retrieved 0 email addresses
21:12:59 2025-04-08 [info] Retrieved 0 categories
21:13:28 2025-04-08 [info] Retrieved 0 categories
21:13:28 2025-04-08 [info] Retrieved 0 email addresses
21:13:28 2025-04-08 [info] Retrieved 0 email addresses
21:13:28 2025-04-08 [info] Retrieved 0 categories
21:13:30 2025-04-08 [info] Retrieved 0 categories
21:13:30 2025-04-08 [info] Retrieved 0 email addresses
21:13:30 2025-04-08 [info] Retrieved 0 email addresses
21:13:30 2025-04-08 [info] Retrieved 0 categories
21:13:51 2025-04-08 [info] Retrieved 0 email addresses
21:13:51 2025-04-08 [info] Retrieved 0 categories
21:13:51 2025-04-08 [info] Retrieved 0 categories
21:13:51 2025-04-08 [info] Retrieved 0 email addresses
21:14:38 2025-04-08 [info] Retrieved 0 categories
21:14:38 2025-04-08 [info] Retrieved 0 email addresses
21:14:38 2025-04-08 [info] Retrieved 0 categories
21:14:38 2025-04-08 [info] Retrieved 0 email addresses
21:14:39 2025-04-08 [info] Retrieved 0 email addresses
21:14:39 2025-04-08 [info] Retrieved 0 categories
21:14:39 2025-04-08 [info] Retrieved 0 categories
21:14:39 2025-04-08 [info] Retrieved 0 email addresses
21:15:02 2025-04-08 [info] Retrieved 0 categories
21:15:02 2025-04-08 [info] Retrieved 0 email addresses
21:15:04 2025-04-08 [info] Retrieved 0 email addresses
21:15:04 2025-04-08 [info] Retrieved 0 categories
21:15:04 2025-04-08 [info] Retrieved 0 categories
21:15:04 2025-04-08 [info] Retrieved 0 email addresses
21:15:05 2025-04-08 [info] Retrieved 0 categories
21:15:05 2025-04-08 [info] Retrieved 0 email addresses
21:15:05 2025-04-08 [info] Retrieved 0 categories
21:15:05 2025-04-08 [info] Retrieved 0 email addresses
21:16:51 2025-04-08 [info] Retrieved 0 email addresses
21:16:51 2025-04-08 [info] Retrieved 0 categories
21:16:52 2025-04-08 [info] Retrieved 0 categories
21:16:53 2025-04-08 [info] Retrieved 0 email addresses
21:17:36 2025-04-08 [info] Retrieved 0 email addresses
21:17:36 2025-04-08 [info] Retrieved 0 categories
21:17:38 2025-04-08 [info] Retrieved 0 categories
21:17:38 2025-04-08 [info] Retrieved 0 email addresses
21:17:39 2025-04-08 [info] Retrieved 0 categories
21:17:39 2025-04-08 [info] Retrieved 0 email addresses
21:21:53 2025-04-08 [info] Email Service initialized with MariaDB connection pool
21:21:53 2025-04-08 [info] Category Service initialized with MariaDB connection pool
21:21:53 2025-04-08 [info] Server is running on port 3000
21:22:23 2025-04-08 [info] Retrieved 0 categories
21:22:23 2025-04-08 [info] Retrieved 0 email addresses
21:24:43 2025-04-08 [info] Retrieved 0 categories
21:24:43 2025-04-08 [info] Retrieved 0 email addresses
21:29:54 2025-04-08 [info] Retrieved 0 categories
21:29:54 2025-04-08 [info] Retrieved 0 email addresses
21:30:00 2025-04-08 [info] Retrieved 0 categories
21:30:00 2025-04-08 [info] Retrieved 0 email addresses
21:30:01 2025-04-08 [info] Retrieved 0 categories
21:30:01 2025-04-08 [info] Retrieved 0 email addresses
21:30:24 2025-04-08 [info] Retrieved 0 email addresses
21:30:24 2025-04-08 [info] Retrieved 0 categories
21:30:28 2025-04-08 [info] Retrieved 0 email addresses
21:30:28 2025-04-08 [info] Retrieved 0 categories
21:30:37 2025-04-08 [info] Retrieved 0 email addresses
21:30:37 2025-04-08 [info] Retrieved 0 categories
21:33:11 2025-04-08 [info] Retrieved 0 email addresses
21:33:11 2025-04-08 [info] Retrieved 0 categories
21:33:48 2025-04-08 [info] Retrieved 0 email addresses
21:33:48 2025-04-08 [info] Retrieved 0 categories
21:37:12 2025-04-08 [info] Retrieved 0 categories
21:37:12 2025-04-08 [info] Retrieved 0 email addresses
21:38:10 2025-04-08 [info] Retrieved 0 categories
21:38:10 2025-04-08 [info] Retrieved 0 email addresses
